<?xml version="1.0" encoding="UTF-8"?>
<!-- Generated by org.testng.reporters.JUnitReportReporter -->
<testsuite hostname="DESKTOP-7SNL7GR" failures="0" tests="3" name="testng.Parallel1" time="69.252" errors="0" timestamp="2022-07-28T14:44:02 IST" skipped="0">
  <testcase classname="testng.Parallel1" name="demo" time="17.787"/>
  <system-out>
    <![CDATA[title
url]]>
  </system-out>
  <testcase classname="testng.Parallel1" name="demo" time="17.722"/>
  <system-out>
    <![CDATA[title
url]]>
  </system-out>
  <testcase classname="testng.Parallel1" name="demo" time="33.743"/>
  <system-out>
    <![CDATA[title
url]]>
  </system-out>
</testsuite> <!-- testng.Parallel1 -->
