<?xml version="1.0" encoding="UTF-8"?>
<!-- Generated by org.testng.reporters.JUnitReportReporter -->
<testsuite hostname="DESKTOP-7SNL7GR" failures="0" tests="3" name="testng.Test2" time="0.026" errors="0" timestamp="2022-09-19T09:13:45 IST" skipped="0">
  <testcase classname="testng.Test2" name="chats" time="0.015"/>
  <system-out>
    <![CDATA[chats ]]>
  </system-out>
  <testcase classname="testng.Test2" name="calls" time="0.004"/>
  <system-out>
    <![CDATA[calls ]]>
  </system-out>
  <testcase classname="testng.Test2" name="settings" time="0.007"/>
  <system-out>
    <![CDATA[settings ]]>
  </system-out>
</testsuite> <!-- testng.Test2 -->
