<?xml version="1.0" encoding="UTF-8"?>
<!-- Generated by org.testng.reporters.JUnitReportReporter -->
<testsuite hostname="DESKTOP-7SNL7GR" failures="0" tests="3" name="testng.Test3" time="0.022" errors="0" timestamp="2022-07-23T12:36:36 IST" skipped="0">
  <testcase classname="testng.Test3" name="settings" time="0.003"/>
  <system-out>
    <![CDATA[settings ]]>
  </system-out>
  <testcase classname="testng.Test3" name="chats" time="0.014"/>
  <system-out>
    <![CDATA[chats ]]>
  </system-out>
  <testcase classname="testng.Test3" name="calls" time="0.005"/>
  <system-out>
    <![CDATA[calls ]]>
  </system-out>
</testsuite> <!-- testng.Test3 -->
