<?xml version="1.0" encoding="UTF-8"?>
<!-- Generated by org.testng.reporters.JUnitReportReporter -->
<testsuite hostname="DESKTOP-7SNL7GR" failures="0" tests="1" name="testng.TestCase2" time="23.526" errors="0" timestamp="2022-08-17T13:49:34 IST" skipped="0">
  <testcase classname="testng.TestCase2" name="tc2" time="23.526"/>
  <system-out>
    <![CDATA[Forgotten Password | Can't Log In | Facebook
https://www.facebook.com/login/identify/?ctx=recover&ars=facebook_login&from_login_screen=0]]>
  </system-out>
</testsuite> <!-- testng.TestCase2 -->
