<?xml version="1.0" encoding="UTF-8"?>
<!-- Generated by org.testng.reporters.JUnitReportReporter -->
<testsuite hostname="DESKTOP-7SNL7GR" failures="0" tests="5" name="testng.Test5" time="0.022" errors="0" timestamp="2022-07-26T11:16:47 IST" skipped="1">
  <testcase classname="testng.Test5" name="chats" time="0.013"/>
  <system-out>
    <![CDATA[chats ]]>
  </system-out>
  <testcase classname="testng.Test5" name="calls" time="0.002"/>
  <system-out>
    <![CDATA[calls ]]>
  </system-out>
  <testcase classname="testng.Test5" name="calls" time="0.002"/>
  <system-out>
    <![CDATA[calls ]]>
  </system-out>
  <testcase classname="testng.Test5" name="calls" time="0.005"/>
  <system-out>
    <![CDATA[calls ]]>
  </system-out>
  <testcase classname="testng.Test5" name="settings">
    <skipped/>
  </testcase> <!-- settings -->
  <system-out/>
</testsuite> <!-- testng.Test5 -->
