<?xml version="1.0" encoding="UTF-8"?>
<!-- Generated by org.testng.reporters.JUnitReportReporter -->
<testsuite hostname="DESKTOP-7SNL7GR" failures="0" tests="3" name="testng.Test2" time="0.020" errors="0" timestamp="2022-07-23T12:30:50 IST" skipped="0">
  <testcase classname="testng.Test2" name="chats" time="0.016"/>
  <system-out>
    <![CDATA[chats ]]>
  </system-out>
  <testcase classname="testng.Test2" name="calls" time="0.002"/>
  <system-out>
    <![CDATA[calls ]]>
  </system-out>
  <testcase classname="testng.Test2" name="settings" time="0.002"/>
  <system-out>
    <![CDATA[settings ]]>
  </system-out>
</testsuite> <!-- testng.Test2 -->
