<?xml version="1.0" encoding="UTF-8"?>
<!-- Generated by org.testng.reporters.JUnitReportReporter -->
<testsuite hostname="DESKTOP-7SNL7GR" failures="0" tests="1" name="testng.TestCase3" time="15.418" errors="0" timestamp="2022-08-17T13:49:34 IST" skipped="0">
  <testcase classname="testng.TestCase3" name="tc3" time="15.418"/>
  <system-out>
    <![CDATA[Log in to Facebook
https://www.facebook.com/login/?next=https%3A%2F%2Fwww.facebook.com%2Fpages%2Fcreate%2F%3Fref_type%3Dregistration_form]]>
  </system-out>
</testsuite> <!-- testng.TestCase3 -->
