<?xml version="1.0" encoding="UTF-8"?>
<!-- Generated by org.testng.reporters.JUnitReportReporter -->
<testsuite hostname="DESKTOP-7SNL7GR" failures="0" tests="1" name="testng.Test1" time="0.015" errors="0" timestamp="2022-07-23T12:24:07 IST" skipped="0">
  <testcase classname="testng.Test1" name="calls" time="0.015"/>
  <system-out>
    <![CDATA[calls]]>
  </system-out>
</testsuite> <!-- testng.Test1 -->
