<?xml version="1.0" encoding="UTF-8"?>
<!-- Generated by org.testng.reporters.JUnitReportReporter -->
<testsuite hostname="DESKTOP-7SNL7GR" failures="0" tests="1" name="testng.TestCase1" time="12.518" errors="0" timestamp="2022-07-28T16:28:47 IST" skipped="0">
  <testcase classname="testng.TestCase1" name="tc1" time="12.518"/>
  <system-out>
    <![CDATA[Facebook â€“ log in or sign up
https://www.facebook.com/]]>
  </system-out>
</testsuite> <!-- testng.TestCase1 -->
