<?xml version="1.0" encoding="UTF-8"?>
<!-- Generated by org.testng.reporters.JUnitReportReporter -->
<testsuite hostname="DESKTOP-7SNL7GR" failures="0" tests="1" name="testng.Testcase4" time="11.677" errors="0" timestamp="2022-08-17T13:49:34 IST" skipped="0">
  <testcase classname="testng.Testcase4" name="tc4" time="11.677"/>
  <system-out>
    <![CDATA[actiTIME - Login
https://demo.actitime.com/login.do]]>
  </system-out>
</testsuite> <!-- testng.Testcase4 -->
